Произошла какая-то ошибкаПроизошла какая-то ошибка: SQLSTATE[HY000] [1045] Access denied for user 'root'@'localhost' (using password: NO)[2025-05-08 12:44:04] Произошла какая-то ошибка: SQLSTATE[HY000] [1045] Access denied for user 'root'@'localhost' (using password: NO)
<br>[2025-05-08 12:44:23] Произошла какая-то ошибка: SQLSTATE[HY000] [1045] Access denied for user 'root'@'localhost' (using password: NO)
[2025-05-08 12:44:33] Произошла какая-то ошибка: SQLSTATE[HY000] [1045] Access denied for user 'root'@'localhost' (using password: NO)
[2025-05-08 12:44:34] Произошла какая-то ошибка: SQLSTATE[HY000] [1045] Access denied for user 'root'@'localhost' (using password: NO)
[2025-05-08 12:44:59] Произошла какая-то ошибка: SQLSTATE[HY000] [1045] Access denied for user 'root'@'localhost' (using password: NO)
[2025-05-08 12:44:59] Произошла какая-то ошибка: SQLSTATE[HY000] [1045] Access denied for user 'root'@'localhost' (using password: NO)
[2025-05-08 13:11:03] Произошла какая-то ошибка: SQLSTATE[HY000] [1045] Access denied for user 'root'@'localhost' (using password: NO)
[2025-06-24 20:57:18] Произошла какая-то ошибка: SQLSTATE[42S22]: Column not found: 1054 Unknown column 'total_amount' in 'field list'
[2025-06-24 20:57:19] Произошла какая-то ошибка: SQLSTATE[42S22]: Column not found: 1054 Unknown column 'total_amount' in 'field list'
[2025-06-24 20:59:43] Произошла какая-то ошибка: SQLSTATE[HY000]: General error: 1364 Field 'product_id' doesn't have a default value
[2025-06-24 21:06:30] Произошла какая-то ошибка: SQLSTATE[HY000]: General error: 1364 Field 'product_id' doesn't have a default value
[2025-06-24 21:06:30] Произошла какая-то ошибка: SQLSTATE[HY000]: General error: 1364 Field 'product_id' doesn't have a default value
[2025-06-24 21:06:58] Произошла какая-то ошибка: SQLSTATE[HY000]: General error: 1364 Field 'product_id' doesn't have a default value
[2025-06-24 21:06:59] Произошла какая-то ошибка: SQLSTATE[HY000]: General error: 1364 Field 'product_id' doesn't have a default value
[2025-06-24 21:07:23] Произошла какая-то ошибка: SQLSTATE[HY000]: General error: 1364 Field 'product_id' doesn't have a default value
[2025-06-24 22:09:55] Произошла какая-то ошибка: SQLSTATE[HY000]: General error: 1364 Field 'product_id' doesn't have a default value
[2025-06-24 22:10:01] Произошла какая-то ошибка: SQLSTATE[HY000]: General error: 1364 Field 'product_id' doesn't have a default value
[2025-06-24 22:11:03] Произошла какая-то ошибка: SQLSTATE[HY000]: General error: 1364 Field 'product_id' doesn't have a default value
[2025-06-24 22:11:14] Произошла какая-то ошибка: SQLSTATE[HY000]: General error: 1364 Field 'product_id' doesn't have a default value
[2025-06-24 22:11:59] Произошла какая-то ошибка: SQLSTATE[HY000]: General error: 1364 Field 'product_id' doesn't have a default value
[2025-06-24 22:12:41] Произошла какая-то ошибка: SQLSTATE[HY000]: General error: 1364 Field 'product_id' doesn't have a default value
[2025-06-24 22:12:47] Произошла какая-то ошибка: SQLSTATE[HY000]: General error: 1364 Field 'product_id' doesn't have a default value
[2025-06-24 22:13:31] Произошла какая-то ошибка: SQLSTATE[HY000]: General error: 1364 Field 'product_id' doesn't have a default value
[2025-06-24 22:18:29] Произошла какая-то ошибка: SQLSTATE[HY000]: General error: 1364 Field 'product_id' doesn't have a default value
[2025-06-24 22:19:57] Произошла какая-то ошибка: SQLSTATE[HY000]: General error: 1364 Field 'product_id' doesn't have a default value
[2025-06-24 22:21:15] Произошла какая-то ошибка: SQLSTATE[HY000]: General error: 1364 Field 'product_id' doesn't have a default value
[2025-06-24 22:28:09] Произошла какая-то ошибка: Array
[2025-06-24 22:36:08] Произошла какая-то ошибка: Array
[2025-06-25 13:16:20] Произошла какая-то ошибка: Array
[2025-06-26 22:56:02] Произошла какая-то ошибка: Array
[2025-06-27 02:45:29] Произошла какая-то ошибка: Array
[2025-06-27 03:14:54] Произошла какая-то ошибка: Array
[2025-06-27 03:52:59] Произошла какая-то ошибка: Array
[2025-06-27 05:29:31] Произошла какая-то ошибка: Array
[2025-06-27 09:43:30] Произошла какая-то ошибка: Array
[2025-07-13 14:15:59] Произошла какая-то ошибка: Array
[2026-01-22 15:10:38] Произошла какая-то ошибка: Array
[2026-03-27 09:50:56] Произошла какая-то ошибка: Array
[2026-03-27 10:08:33] Произошла какая-то ошибка: Array
[2026-03-27 12:19:26] Произошла какая-то ошибка: Array
